#
# There is insufficient memory for the Java Runtime Environment to continue.
# Native memory allocation (malloc) failed to allocate 704816 bytes for Chunk::new
# Possible reasons:
#   The system is out of physical RAM or swap space
#   In 32 bit mode, the process size limit was hit
# Possible solutions:
#   Reduce memory load on the system
#   Increase physical memory or swap space
#   Check if swap backing store is full
#   Use 64 bit Java on a 64 bit OS
#   Decrease Java heap size (-Xmx/-Xms)
#   Decrease number of Java threads
#   Decrease Java thread stack sizes (-Xss)
#   Set larger code cache with -XX:ReservedCodeCacheSize=
# This output file may be truncated or incomplete.
#
#  Out of Memory Error (allocation.cpp:390), pid=17756, tid=0x00000000000026c0
#
# JRE version: Java(TM) SE Runtime Environment (8.0_151-b12) (build 1.8.0_151-b12)
# Java VM: Java HotSpot(TM) 64-Bit Server VM (25.151-b12 mixed mode windows-amd64 compressed oops)
# Failed to write core dump. Minidumps are not enabled by default on client versions of Windows
#

---------------  T H R E A D  ---------------

Current thread (0x000000001942b000):  JavaThread "C2 CompilerThread0" daemon [_thread_in_native, id=9920, stack(0x0000000019bf0000,0x0000000019cf0000)]

Stack: [0x0000000019bf0000,0x0000000019cf0000]
[error occurred during error reporting (printing stack bounds), id 0xc0000005]

Native frames: (J=compiled Java code, j=interpreted, Vv=VM code, C=native code)


Current CompileTask:
C2:  32237 2183   !   4       java.awt.EventQueue::getNextEvent (84 bytes)


---------------  P R O C E S S  ---------------

Java Threads: ( => current thread )
  0x000000001a9f7800 JavaThread "Direct Clip" daemon [_thread_blocked, id=10648, stack(0x0000000021540000,0x0000000021640000)]
  0x000000001a9fc000 JavaThread "Direct Clip" daemon [_thread_blocked, id=12436, stack(0x0000000021440000,0x0000000021540000)]
  0x000000001a9fb000 JavaThread "Direct Clip" daemon [_thread_blocked, id=17340, stack(0x0000000021340000,0x0000000021440000)]
  0x000000001a9fe000 JavaThread "Direct Clip" daemon [_thread_blocked, id=7992, stack(0x0000000021240000,0x0000000021340000)]
  0x000000001a9fc800 JavaThread "Direct Clip" daemon [_thread_blocked, id=10840, stack(0x0000000021140000,0x0000000021240000)]
  0x000000001a9fd800 JavaThread "Direct Clip" daemon [_thread_blocked, id=7284, stack(0x0000000021040000,0x0000000021140000)]
  0x000000001a9fa800 JavaThread "Direct Clip" daemon [_thread_blocked, id=6352, stack(0x0000000020f40000,0x0000000021040000)]
  0x000000001a4fb000 JavaThread "Direct Clip" daemon [_thread_in_vm, id=10568, stack(0x000000001d5b0000,0x000000001d6b0000)]
  0x000000001a4fa000 JavaThread "Java Sound Event Dispatcher" daemon [_thread_blocked, id=17660, stack(0x000000001d170000,0x000000001d270000)]
  0x000000001a4a4800 JavaThread "TimerQueue" daemon [_thread_blocked, id=15204, stack(0x000000001ccf0000,0x000000001cdf0000)]
  0x0000000002480800 JavaThread "DestroyJavaVM" [_thread_blocked, id=12924, stack(0x00000000022f0000,0x00000000023f0000)]
  0x000000001a438000 JavaThread "AWT-EventQueue-0" [_thread_in_native, id=17196, stack(0x000000001bb70000,0x000000001bc70000)]
  0x000000001a3d3800 JavaThread "AWT-Windows" daemon [_thread_in_native, id=5300, stack(0x000000001ae00000,0x000000001af00000)]
  0x00000000196b1800 JavaThread "AWT-Shutdown" [_thread_blocked, id=15036, stack(0x000000001ad00000,0x000000001ae00000)]
  0x000000001a35f000 JavaThread "Java2D Disposer" daemon [_thread_blocked, id=7472, stack(0x000000001ab20000,0x000000001ac20000)]
  0x00000000194c1000 JavaThread "Service Thread" daemon [_thread_blocked, id=12848, stack(0x0000000019ff0000,0x000000001a0f0000)]
  0x000000001943a000 JavaThread "C1 CompilerThread3" daemon [_thread_in_vm, id=10388, stack(0x0000000019ef0000,0x0000000019ff0000)]
  0x0000000019437000 JavaThread "C2 CompilerThread2" daemon [_thread_blocked, id=1652, stack(0x0000000019df0000,0x0000000019ef0000)]
  0x0000000019430000 JavaThread "C2 CompilerThread1" daemon [_thread_in_native, id=17420, stack(0x0000000019cf0000,0x0000000019df0000)]
=>0x000000001942b000 JavaThread "C2 CompilerThread0" daemon [_thread_in_native, id=9920, stack(0x0000000019bf0000,0x0000000019cf0000)]
  0x0000000019426000 JavaThread "Attach Listener" daemon [_thread_blocked, id=17168, stack(0x0000000019af0000,0x0000000019bf0000)]
  0x000000001754e000 JavaThread "Signal Dispatcher" daemon [_thread_blocked, id=1588, stack(0x00000000199f0000,0x0000000019af0000)]
  0x0000000002578800 JavaThread "Finalizer" daemon [_thread_blocked, id=11500, stack(0x0000000019800000,0x0000000019900000)]
  0x0000000002577800 JavaThread "Reference Handler" daemon [_thread_blocked, id=12416, stack(0x0000000019300000,0x0000000019400000)]

Other Threads:
  0x0000000017539800 VMThread [stack: 0x0000000019200000,0x0000000019300000] [id=15080]
  0x00000000194dc800 WatcherThread [stack: 0x000000001a0f0000,0x000000001a1f0000] [id=15152]

VM state:not at safepoint (normal execution)

VM Mutex/Monitor currently owned by a thread:  ([mutex/lock_event])
[0x000000000247cd50] AdapterHandlerLibrary_lock - owner thread: 0x000000001a4fb000

Heap:
 PSYoungGen      total 307712K, used 163634K [0x00000000d5c00000, 0x00000000f0180000, 0x0000000100000000)
  eden space 296960K, 55% used [0x00000000d5c00000,0x00000000dfbcca98,0x00000000e7e00000)
  from space 10752K, 0% used [0x00000000e7e00000,0x00000000e7e00000,0x00000000e8880000)
  to   space 10752K, 0% used [0x00000000ef700000,0x00000000ef700000,0x00000000f0180000)
 ParOldGen       total 1009152K, used 1002910K [0x0000000081400000, 0x00000000bed80000, 0x00000000d5c00000)
  object space 1009152K, 99% used [0x0000000081400000,0x00000000be767998,0x00000000bed80000)
 Metaspace       used 12385K, capacity 12598K, committed 12928K, reserved 1060864K
  class space    used 1477K, capacity 1553K, committed 1664K, reserved 1048576K

Card table byte_map: [0x0000000011940000,0x0000000011d40000] byte_map_base: 0x0000000011536000

Marking Bits: (ParMarkBitMap*) 0x0000000061f2d850
 Begin Bits: [0x00000000127f0000, 0x00000000147a0000)
 End Bits:   [0x00000000147a0000, 0x0000000016750000)

Polling page: 0x0000000000aa0000

CodeCache: size=245760Kb used=7372Kb max_used=7382Kb free=238387Kb
 bounds [0x0000000002580000, 0x0000000002cd0000, 0x0000000011580000]
 total_blobs=2612 nmethods=2114 adapters=410
 compilation: enabled

Compilation events (10 events):
Event: 32.107 Thread 0x000000001943a000 2178   !   3       java.util.concurrent.DelayQueue::offer (60 bytes)
Event: 32.108 Thread 0x000000001943a000 nmethod 2178 0x00000000027d5b10 code [0x00000000027d5d40, 0x00000000027d6848]
Event: 32.108 Thread 0x000000001943a000 2179       3       java.util.PriorityQueue::offer (72 bytes)
Event: 32.108 Thread 0x000000001943a000 nmethod 2179 0x00000000028ad090 code [0x00000000028ad240, 0x00000000028ad7f8]
Event: 32.134 Thread 0x0000000019437000 2180       4       java.awt.EventQueue::dispatchEvent (80 bytes)
Event: 32.134 Thread 0x000000001942b000 2181       4       java.awt.EventQueue::getAccessControlContextFrom (53 bytes)
Event: 32.135 Thread 0x000000001942b000 nmethod 2181 0x00000000028bab90 code [0x00000000028bace0, 0x00000000028bad98]
Event: 32.147 Thread 0x0000000019437000 nmethod 2180 0x00000000028742d0 code [0x00000000028744c0, 0x00000000028751d0]
Event: 32.164 Thread 0x0000000019430000 2182   !   4       java.awt.EventDispatchThread::pumpOneEventForFilters (295 bytes)
Event: 32.164 Thread 0x000000001942b000 2183   !   4       java.awt.EventQueue::getNextEvent (84 bytes)

GC Heap History (10 events):
Event: 12.669 GC heap before
{Heap before GC invocations=22 (full 9):
 PSYoungGen      total 305664K, used 292751K [0x00000000d5c00000, 0x00000000e9300000, 0x0000000100000000)
  eden space 296960K, 98% used [0x00000000d5c00000,0x00000000e79e3f40,0x00000000e7e00000)
  from space 8704K, 0% used [0x00000000e8a80000,0x00000000e8a80000,0x00000000e9300000)
  to   space 10752K, 0% used [0x00000000e7e00000,0x00000000e7e00000,0x00000000e8880000)
 ParOldGen       total 1009152K, used 657973K [0x0000000081400000, 0x00000000bed80000, 0x00000000d5c00000)
  object space 1009152K, 65% used [0x0000000081400000,0x00000000a968d7a8,0x00000000bed80000)
 Metaspace       used 11437K, capacity 11662K, committed 11776K, reserved 1058816K
  class space    used 1447K, capacity 1521K, committed 1536K, reserved 1048576K
Event: 12.713 GC heap after
Heap after GC invocations=22 (full 9):
 PSYoungGen      total 307712K, used 7187K [0x00000000d5c00000, 0x00000000f0180000, 0x0000000100000000)
  eden space 296960K, 0% used [0x00000000d5c00000,0x00000000d5c00000,0x00000000e7e00000)
  from space 10752K, 66% used [0x00000000e7e00000,0x00000000e8504c78,0x00000000e8880000)
  to   space 10752K, 0% used [0x00000000ef700000,0x00000000ef700000,0x00000000f0180000)
 ParOldGen       total 1009152K, used 854425K [0x0000000081400000, 0x00000000bed80000, 0x00000000d5c00000)
  object space 1009152K, 84% used [0x0000000081400000,0x00000000b5666620,0x00000000bed80000)
 Metaspace       used 11437K, capacity 11662K, committed 11776K, reserved 1058816K
  class space    used 1447K, capacity 1521K, committed 1536K, reserved 1048576K
}
Event: 12.713 GC heap before
{Heap before GC invocations=23 (full 10):
 PSYoungGen      total 307712K, used 7187K [0x00000000d5c00000, 0x00000000f0180000, 0x0000000100000000)
  eden space 296960K, 0% used [0x00000000d5c00000,0x00000000d5c00000,0x00000000e7e00000)
  from space 10752K, 66% used [0x00000000e7e00000,0x00000000e8504c78,0x00000000e8880000)
  to   space 10752K, 0% used [0x00000000ef700000,0x00000000ef700000,0x00000000f0180000)
 ParOldGen       total 1009152K, used 854425K [0x0000000081400000, 0x00000000bed80000, 0x00000000d5c00000)
  object space 1009152K, 84% used [0x0000000081400000,0x00000000b5666620,0x00000000bed80000)
 Metaspace       used 11437K, capacity 11662K, committed 11776K, reserved 1058816K
  class space    used 1447K, capacity 1521K, committed 1536K, reserved 1048576K
Event: 12.738 GC heap after
Heap after GC invocations=23 (full 10):
 PSYoungGen      total 307712K, used 0K [0x00000000d5c00000, 0x00000000f0180000, 0x0000000100000000)
  eden space 296960K, 0% used [0x00000000d5c00000,0x00000000d5c00000,0x00000000e7e00000)
  from space 10752K, 0% used [0x00000000e7e00000,0x00000000e7e00000,0x00000000e8880000)
  to   space 10752K, 0% used [0x00000000ef700000,0x00000000ef700000,0x00000000f0180000)
 ParOldGen       total 1009152K, used 800451K [0x0000000081400000, 0x00000000bed80000, 0x00000000d5c00000)
  object space 1009152K, 79% used [0x0000000081400000,0x00000000b21b0ed8,0x00000000bed80000)
 Metaspace       used 11437K, capacity 11662K, committed 11776K, reserved 1058816K
  class space    used 1447K, capacity 1521K, committed 1536K, reserved 1048576K
}
Event: 13.439 GC heap before
{Heap before GC invocations=24 (full 11):
 PSYoungGen      total 307712K, used 292661K [0x00000000d5c00000, 0x00000000f0180000, 0x0000000100000000)
  eden space 296960K, 98% used [0x00000000d5c00000,0x00000000e79cd7f8,0x00000000e7e00000)
  from space 10752K, 0% used [0x00000000e7e00000,0x00000000e7e00000,0x00000000e8880000)
  to   space 10752K, 0% used [0x00000000ef700000,0x00000000ef700000,0x00000000f0180000)
 ParOldGen       total 1009152K, used 800451K [0x0000000081400000, 0x00000000bed80000, 0x00000000d5c00000)
  object space 1009152K, 79% used [0x0000000081400000,0x00000000b21b0ed8,0x00000000bed80000)
 Metaspace       used 11447K, capacity 11662K, committed 11776K, reserved 1058816K
  class space    used 1447K, capacity 1521K, committed 1536K, reserved 1048576K
Event: 13.617 GC heap after
Heap after GC invocations=24 (full 11):
 PSYoungGen      total 307712K, used 0K [0x00000000d5c00000, 0x00000000f0180000, 0x0000000100000000)
  eden space 296960K, 0% used [0x00000000d5c00000,0x00000000d5c00000,0x00000000e7e00000)
  from space 10752K, 0% used [0x00000000e7e00000,0x00000000e7e00000,0x00000000e8880000)
  to   space 10752K, 0% used [0x00000000ef700000,0x00000000ef700000,0x00000000f0180000)
 ParOldGen       total 1009152K, used 942021K [0x0000000081400000, 0x00000000bed80000, 0x00000000d5c00000)
  object space 1009152K, 93% used [0x0000000081400000,0x00000000babf1610,0x00000000bed80000)
 Metaspace       used 11447K, capacity 11662K, committed 11776K, reserved 1058816K
  class space    used 1447K, capacity 1521K, committed 1536K, reserved 1048576K
}
Event: 17.124 GC heap before
{Heap before GC invocations=25 (full 12):
 PSYoungGen      total 307712K, used 296960K [0x00000000d5c00000, 0x00000000f0180000, 0x0000000100000000)
  eden space 296960K, 100% used [0x00000000d5c00000,0x00000000e7e00000,0x00000000e7e00000)
  from space 10752K, 0% used [0x00000000e7e00000,0x00000000e7e00000,0x00000000e8880000)
  to   space 10752K, 0% used [0x00000000ef700000,0x00000000ef700000,0x00000000f0180000)
 ParOldGen       total 1009152K, used 942021K [0x0000000081400000, 0x00000000bed80000, 0x00000000d5c00000)
  object space 1009152K, 93% used [0x0000000081400000,0x00000000babf1610,0x00000000bed80000)
 Metaspace       used 11962K, capacity 12142K, committed 12416K, reserved 1060864K
  class space    used 1473K, capacity 1553K, committed 1664K, reserved 1048576K
Event: 17.361 GC heap after
Heap after GC invocations=25 (full 12):
 PSYoungGen      total 307712K, used 76238K [0x00000000d5c00000, 0x00000000f0180000, 0x0000000100000000)
  eden space 296960K, 25% used [0x00000000d5c00000,0x00000000da673800,0x00000000e7e00000)
  from space 10752K, 0% used [0x00000000e7e00000,0x00000000e7e00000,0x00000000e8880000)
  to   space 10752K, 0% used [0x00000000ef700000,0x00000000ef700000,0x00000000f0180000)
 ParOldGen       total 1009152K, used 1002926K [0x0000000081400000, 0x00000000bed80000, 0x00000000d5c00000)
  object space 1009152K, 99% used [0x0000000081400000,0x00000000be76bae8,0x00000000bed80000)
 Metaspace       used 11962K, capacity 12142K, committed 12416K, reserved 1060864K
  class space    used 1473K, capacity 1553K, committed 1664K, reserved 1048576K
}
Event: 28.324 GC heap before
{Heap before GC invocations=26 (full 13):
 PSYoungGen      total 307712K, used 296960K [0x00000000d5c00000, 0x00000000f0180000, 0x0000000100000000)
  eden space 296960K, 100% used [0x00000000d5c00000,0x00000000e7e00000,0x00000000e7e00000)
  from space 10752K, 0% used [0x00000000e7e00000,0x00000000e7e00000,0x00000000e8880000)
  to   space 10752K, 0% used [0x00000000ef700000,0x00000000ef700000,0x00000000f0180000)
 ParOldGen       total 1009152K, used 1002926K [0x0000000081400000, 0x00000000bed80000, 0x00000000d5c00000)
  object space 1009152K, 99% used [0x0000000081400000,0x00000000be76bae8,0x00000000bed80000)
 Metaspace       used 12357K, capacity 12598K, committed 12928K, reserved 1060864K
  class space    used 1477K, capacity 1553K, committed 1664K, reserved 1048576K
Event: 28.579 GC heap after
Heap after GC invocations=26 (full 13):
 PSYoungGen      total 307712K, used 78886K [0x00000000d5c00000, 0x00000000f0180000, 0x0000000100000000)
  eden space 296960K, 26% used [0x00000000d5c00000,0x00000000da909830,0x00000000e7e00000)
  from space 10752K, 0% used [0x00000000e7e00000,0x00000000e7e00000,0x00000000e8880000)
  to   space 10752K, 0% used [0x00000000ef700000,0x00000000ef700000,0x00000000f0180000)
 ParOldGen       total 1009152K, used 1002910K [0x0000000081400000, 0x00000000bed80000, 0x00000000d5c00000)
  object space 1009152K, 99% used [0x0000000081400000,0x00000000be767998,0x00000000bed80000)
 Metaspace       used 12357K, capacity 12598K, committed 12928K, reserved 1060864K
  class space    used 1477K, capacity 1553K, committed 1664K, reserved 1048576K
}

Deoptimization events (10 events):
Event: 21.878 Thread 0x000000001a438000 Uncommon trap: reason=class_check action=maybe_recompile pc=0x0000000002a9327c method=sun.java2d.SunGraphics2D.draw(Ljava/awt/Shape;)V @ 6
Event: 21.878 Thread 0x000000001a438000 Uncommon trap: reason=class_check action=maybe_recompile pc=0x0000000002a9327c method=sun.java2d.SunGraphics2D.draw(Ljava/awt/Shape;)V @ 6
Event: 22.603 Thread 0x000000001a438000 Uncommon trap: reason=unstable_if action=reinterpret pc=0x0000000002b972e4 method=sun.awt.image.BufImgSurfaceData.getSolidLoops(Lsun/java2d/loops/SurfaceType;)Lsun/java2d/loops/RenderLoops; @ 24
Event: 22.604 Thread 0x000000001a438000 Uncommon trap: reason=bimorphic action=maybe_recompile pc=0x0000000002b5dc50 method=sun.java2d.SurfaceData.getTransparency()I @ 4
Event: 22.604 Thread 0x000000001a438000 Uncommon trap: reason=unstable_if action=reinterpret pc=0x0000000002b4f350 method=sun.java2d.loops.Blit.getFromCache(Lsun/java2d/loops/SurfaceType;Lsun/java2d/loops/CompositeType;Lsun/java2d/loops/SurfaceType;)Lsun/java2d/loops/Blit; @ 11
Event: 22.609 Thread 0x000000001a438000 Uncommon trap: reason=unstable_if action=reinterpret pc=0x0000000002b5dc0c method=sun.java2d.loops.RenderCache.get(Lsun/java2d/loops/SurfaceType;Lsun/java2d/loops/CompositeType;Lsun/java2d/loops/SurfaceType;)Ljava/lang/Object; @ 52
Event: 22.616 Thread 0x000000001a438000 Uncommon trap: reason=unstable_if action=reinterpret pc=0x0000000002b61808 method=sun.java2d.loops.RenderCache.get(Lsun/java2d/loops/SurfaceType;Lsun/java2d/loops/CompositeType;Lsun/java2d/loops/SurfaceType;)Ljava/lang/Object; @ 52
Event: 23.922 Thread 0x000000001a438000 Uncommon trap: reason=unstable_if action=reinterpret pc=0x0000000002b289f4 method=sun.java2d.loops.RenderCache.get(Lsun/java2d/loops/SurfaceType;Lsun/java2d/loops/CompositeType;Lsun/java2d/loops/SurfaceType;)Ljava/lang/Object; @ 52
Event: 28.579 Thread 0x000000001a438000 Uncommon trap: reason=null_check action=make_not_entrant pc=0x0000000002bf1bb8 method=sun.java2d.pipe.AlphaPaintPipe.renderPathTile(Ljava/lang/Object;[BIIIIII)V @ 57
Event: 31.361 Thread 0x000000001a4a4800 Uncommon trap: reason=unstable_if action=reinterpret pc=0x0000000002b72e84 method=sun.awt.PostEventQueue.flush()V @ 23

Internal exceptions (10 events):
Event: 0.090 Thread 0x0000000002480800 Exception <a 'java/security/PrivilegedActionException'> (0x00000000d5d69088) thrown at [C:\re\workspace\8-2-build-windows-amd64-cygwin\jdk8u151\9699\hotspot\src\share\vm\prims\jvm.cpp, line 1390]
Event: 0.090 Thread 0x0000000002480800 Exception <a 'java/security/PrivilegedActionException'> (0x00000000d5d6ccf8) thrown at [C:\re\workspace\8-2-build-windows-amd64-cygwin\jdk8u151\9699\hotspot\src\share\vm\prims\jvm.cpp, line 1390]
Event: 0.090 Thread 0x0000000002480800 Exception <a 'java/security/PrivilegedActionException'> (0x00000000d5d6cf08) thrown at [C:\re\workspace\8-2-build-windows-amd64-cygwin\jdk8u151\9699\hotspot\src\share\vm\prims\jvm.cpp, line 1390]
Event: 0.094 Thread 0x0000000002480800 Exception <a 'java/io/FileNotFoundException'> (0x00000000d5d6f370) thrown at [C:\re\workspace\8-2-build-windows-amd64-cygwin\jdk8u151\9699\hotspot\src\share\vm\prims\jni.cpp, line 709]
Event: 0.119 Thread 0x0000000002480800 Exception <a 'java/lang/NoSuchFieldError': method resolution failed> (0x00000000d5e3d6b0) thrown at [C:\re\workspace\8-2-build-windows-amd64-cygwin\jdk8u151\9699\hotspot\src\share\vm\prims\methodHandles.cpp, line 1146]
Event: 0.120 Thread 0x0000000002480800 Exception <a 'java/lang/NoSuchFieldError': method resolution failed> (0x00000000d5e4aa80) thrown at [C:\re\workspace\8-2-build-windows-amd64-cygwin\jdk8u151\9699\hotspot\src\share\vm\prims\methodHandles.cpp, line 1146]
Event: 0.149 Thread 0x0000000002480800 Exception <a 'java/io/FileNotFoundException'> (0x00000000d5ede900) thrown at [C:\re\workspace\8-2-build-windows-amd64-cygwin\jdk8u151\9699\hotspot\src\share\vm\prims\jni.cpp, line 709]
Event: 21.817 Thread 0x000000001a438000 Exception <a 'java/io/FileNotFoundException'> (0x00000000dffc00b0) thrown at [C:\re\workspace\8-2-build-windows-amd64-cygwin\jdk8u151\9699\hotspot\src\share\vm\prims\jni.cpp, line 709]
Event: 22.601 Thread 0x000000001a438000 Exception <a 'java/io/FileNotFoundException'> (0x00000000e1aba208) thrown at [C:\re\workspace\8-2-build-windows-amd64-cygwin\jdk8u151\9699\hotspot\src\share\vm\prims\jni.cpp, line 709]
Event: 28.579 Thread 0x000000001a438000 Implicit null exception at 0x0000000002bf0939 to 0x0000000002bf1b95

Events (10 events):
Event: 31.370 Thread 0x0000000019430000 flushing nmethod 0x00000000028723d0
Event: 31.382 Thread 0x000000001942b000 flushing nmethod 0x000000000289a810
Event: 31.382 Thread 0x000000001942b000 flushing nmethod 0x00000000028acb50
Event: 31.382 Thread 0x000000001942b000 flushing nmethod 0x00000000028b6510
Event: 31.382 Thread 0x000000001942b000 flushing nmethod 0x00000000028baa50
Event: 31.999 Thread 0x000000001a9f7800 Thread added: 0x000000001a9f7800
Event: 31.999 Executing VM operation: RevokeBias
Event: 31.999 Executing VM operation: RevokeBias done
Event: 31.999 Executing VM operation: RevokeBias
Event: 31.999 Executing VM operation: RevokeBias done


Dynamic libraries:
0x00007ff7ce940000 - 0x00007ff7ce977000 	C:\Program Files\Java\jre1.8.0_151\bin\javaw.exe
0x00007ff9883e0000 - 0x00007ff9885bb000 	C:\WINDOWS\SYSTEM32\ntdll.dll
0x00007ff988210000 - 0x00007ff9882be000 	C:\WINDOWS\System32\KERNEL32.DLL
0x00007ff984fd0000 - 0x00007ff985219000 	C:\WINDOWS\System32\KERNELBASE.dll
0x00007ff988320000 - 0x00007ff9883c1000 	C:\WINDOWS\System32\ADVAPI32.dll
0x00007ff986a90000 - 0x00007ff986b2d000 	C:\WINDOWS\System32\msvcrt.dll
0x00007ff985f40000 - 0x00007ff985f99000 	C:\WINDOWS\System32\sechost.dll
0x00007ff985940000 - 0x00007ff985a65000 	C:\WINDOWS\SYSTEM32\winmmbase.dll
0x00007ff9867d0000 - 0x00007ff98691a000 	C:\WINDOWS\System32\USER32.dll
0x00007ff985920000 - 0x00007ff98593e000 	C:\Program Files\Java\jre1.8.0_151\bin\java.dll
0x00007ff9881e0000 - 0x00007ff988207000 	C:\WINDOWS\System32\GDI32.dll
0x00007ff984cc0000 - 0x00007ff984e47000 	C:\WINDOWS\System32\gdi32full.dll
0x00007ff984900000 - 0x00007ff98499a000 	C:\WINDOWS\System32\msvcp_win.dll
0x00007ff9849f0000 - 0x00007ff984ae6000 	C:\WINDOWS\System32\ucrtbase.dll
0x00007ff979e20000 - 0x00007ff97a087000 	C:\WINDOWS\System32\powrprof.dll
0x00007ff986120000 - 0x00007ff986419000 	C:\WINDOWS\System32\profapi.dll
0x00007ff984f60000 - 0x00007ff984fca000 	C:\WINDOWS\System32\bcryptPrimitives.dll
0x00007ff986c30000 - 0x00007ff986c5d000 	C:\WINDOWS\System32\IMM32.DLL
0x0000000061270000 - 0x0000000061342000 	C:\WINDOWS\system32\DWMAPI.DLL
0x0000000061710000 - 0x0000000061fad000 	C:\WINDOWS\system32\uxtheme.dll
0x00007ff9883d0000 - 0x00007ff9883d8000 	C:\WINDOWS\System32\PSAPI.DLL
0x00007ff982b70000 - 0x00007ff982b93000 	C:\WINDOWS\SYSTEM32\WINMM.dll
0x00007ff979b80000 - 0x00007ff979b89000 	C:\Program Files (x86)\Razer\Razer Cortex\x64\k_fps64.dll
0x00007ff97fbc0000 - 0x00007ff97fbca000 	C:\WINDOWS\SYSTEM32\VERSION.dll
0x00007ff985fa0000 - 0x00007ff98600c000 	C:\WINDOWS\System32\WS2_32.dll
0x00007ff9825e0000 - 0x00007ff98260b000 	C:\WINDOWS\SYSTEM32\winmmbase.dll
0x00007ff9849a0000 - 0x00007ff9849e9000 	C:\WINDOWS\System32\cfgmgr32.dll
0x0000000062550000 - 0x000000006255f000 	C:\Program Files\Java\jre1.8.0_151\bin\verify.dll
0x0000000062420000 - 0x0000000062449000 	C:\Program Files\Java\jre1.8.0_151\bin\java.dll
0x0000000062400000 - 0x0000000062416000 	C:\Program Files\Java\jre1.8.0_151\bin\zip.dll
0x00007ff986c90000 - 0x00007ff9880c6000 	C:\WINDOWS\System32\SHELL32.dll
0x00007ff988130000 - 0x00007ff9881da000 	C:\WINDOWS\System32\shcore.dll
0x00007ff985220000 - 0x00007ff985911000 	C:\WINDOWS\System32\windows.storage.dll
0x00007ff9882c0000 - 0x00007ff988311000 	C:\WINDOWS\System32\shlwapi.dll
0x00007ff984870000 - 0x00007ff984881000 	C:\WINDOWS\System32\kernel.appcore.dll
0x00007ff984890000 - 0x00007ff9848dc000 	C:\WINDOWS\System32\CoreUIComponents.dll
0x00007ff9848e0000 - 0x00007ff9848f5000 	C:\WINDOWS\System32\profapi.dll
0x00000000610d0000 - 0x0000000061268000 	C:\Program Files\Java\jre1.8.0_151\bin\awt.dll
0x00007ff986420000 - 0x00007ff9864e0000 	C:\WINDOWS\System32\OLEAUT32.dll
0x00007ff982f00000 - 0x00007ff982f7e000 	C:\WINDOWS\SYSTEM32\usermgrcli.dll
0x00007ff9812b0000 - 0x00007ff9812da000 	C:\WINDOWS\system32\DWMAPI.DLL
0x00007ff9830d0000 - 0x00007ff983165000 	C:\WINDOWS\system32\uxtheme.dll
0x00007ff969fd0000 - 0x00007ff96a0f1000 	C:\WINDOWS\system32\opengl32.dll
0x00007ff96b9a0000 - 0x00007ff96b9cc000 	C:\WINDOWS\SYSTEM32\GLU32.dll
0x00007ff986920000 - 0x00007ff986a86000 	C:\WINDOWS\System32\MSCTF.dll
0x00007ff93fbd0000 - 0x00007ff93fcb4000 	C:\Program Files (x86)\Razer\Razer Cortex\x64\k_fps64.dll
0x00007ff974d60000 - 0x00007ff974f09000 	C:\WINDOWS\SYSTEM32\dbghelp.dll
0x00007ff9864e0000 - 0x00007ff986625000 	C:\WINDOWS\System32\RPCRT4.dll
0x00000000624c0000 - 0x0000000062507000 	C:\WINDOWS\System32\ucrtbase.dll
0x00007ff986b30000 - 0x00007ff986bce000 	C:\WINDOWS\System32\IMM32.DLL
0x00007ff97f080000 - 0x00007ff97f22c000 	C:\WINDOWS\SYSTEM32\WINMM.dll
0x00007ff96cad0000 - 0x00007ff96cb17000 	C:\WINDOWS\System32\WS2_32.dll
0x00007ff9821e0000 - 0x00007ff9824bf000 	C:\WINDOWS\System32\cfgmgr32.dll
0x00007ff982610000 - 0x00007ff982732000 	C:\Program Files\Java\jre1.8.0_151\bin\zip.dll
0x00007ff9837a0000 - 0x00007ff983844000 	C:\WINDOWS\System32\shcore.dll
0x00007ff983310000 - 0x00007ff983480000 	C:\WINDOWS\System32\kernel.appcore.dll
0x00007ff984430000 - 0x00007ff984455000 	C:\WINDOWS\System32\profapi.dll
0x00007ff97d560000 - 0x00007ff97d5e2000 	C:\WINDOWS\System32\TextInputFramework.dll
0x00007ff97eca0000 - 0x00007ff97ef72000 	C:\WINDOWS\system32\DWMAPI.DLL
0x00007ff9824c0000 - 0x00007ff9825a3000 	C:\WINDOWS\system32\opengl32.dll
0x00007ff9809d0000 - 0x00007ff980b09000 	C:\WINDOWS\System32\MSCTF.dll
0x00007ff983a60000 - 0x00007ff983a91000 	C:\WINDOWS\SYSTEM32\dbghelp.dll
0x00007ff981060000 - 0x00007ff981075000 	C:\Program Files\Java\jre1.8.0_151\bin\fontmanager.dll
0x00000000623e0000 - 0x00000000623fa000 	C:\WINDOWS\SYSTEM32\WindowsCodecs.dll
0x00007ff984160000 - 0x00007ff9841bc000 	C:\WINDOWS\system32\mswsock.dll
0x00000000623c0000 - 0x00000000623d1000 	C:\WINDOWS\system32\dcomp.dll
0x0000000062470000 - 0x00000000624b2000 	C:\Program Files\Java\jre1.8.0_151\bin\t2k.dll
0x0000000062450000 - 0x000000006245c000 	C:\WINDOWS\system32\bcrypt.dll
0x0000000062370000 - 0x000000006237b000 	C:\WINDOWS\System32\CoreUIComponents.dll
0x00007ff971c30000 - 0x00007ff971cbc000 	C:\WINDOWS\System32\CoreMessaging.dll
0x00007ff979860000 - 0x00007ff9798c7000 	C:\WINDOWS\SYSTEM32\MMDevAPI.DLL
0x00007ff97ff50000 - 0x00007ff9800e6000 	C:\WINDOWS\SYSTEM32\usermgrcli.dll
0x00007ff983220000 - 0x00007ff983248000 	C:\WINDOWS\system32\mswsock.dll
0x00007ff943cb0000 - 0x00007ff943cf1000 	C:\Program Files\Java\jre1.8.0_151\bin\nio.dll
0x00007ff97f070000 - 0x00007ff97f07b000 	C:\Program Files\Java\jre1.8.0_151\bin\t2k.dll
0x00007ff943c10000 - 0x00007ff943c19000 	C:\WINDOWS\SYSTEM32\ksuser.dll
0x00007ff9795a0000 - 0x00007ff9796a5000 	C:\WINDOWS\SYSTEM32\AUDIOSES.DLL
0x00007ff940d80000 - 0x00007ff940d8d000 	C:\WINDOWS\SYSTEM32\msacm32.drv
0x00007ff940d00000 - 0x00007ff940d1c000 	C:\WINDOWS\SYSTEM32\MSACM32.dll
0x00007ff940cf0000 - 0x00007ff940cfa000 	C:\WINDOWS\SYSTEM32\midimap.dll
0x00007ff97d5f0000 - 0x00007ff97d6f6000 	C:\Windows\System32\Windows.UI.dll
0x0000000062330000 - 0x0000000062361000 	C:\Program Files\Java\jre1.8.0_151\bin\jpeg.dll
0x0000000061020000 - 0x00000000610c2000 	C:\Program Files\Java\jre1.8.0_151\bin\mlib_image.dll
0x0000000060ff0000 - 0x000000006101a000 	C:\Program Files\Java\jre1.8.0_151\bin\dcpr.dll

VM Arguments:
jvm_args: -Dfile.encoding=Cp1252 
java_command: ChessGame_G12
java_class_path (initial): C:\Program Files\Java\jre1.8.0_151\lib\resources.jar;C:\Program Files\Java\jre1.8.0_151\lib\rt.jar;C:\Program Files\Java\jre1.8.0_151\lib\jsse.jar;C:\Program Files\Java\jre1.8.0_151\lib\jce.jar;C:\Program Files\Java\jre1.8.0_151\lib\charsets.jar;C:\Program Files\Java\jre1.8.0_151\lib\jfr.jar;C:\Program Files\Java\jre1.8.0_151\lib\ext\access-bridge-64.jar;C:\Program Files\Java\jre1.8.0_151\lib\ext\cldrdata.jar;C:\Program Files\Java\jre1.8.0_151\lib\ext\dnsns.jar;C:\Program Files\Java\jre1.8.0_151\lib\ext\jaccess.jar;C:\Program Files\Java\jre1.8.0_151\lib\ext\jfxrt.jar;C:\Program Files\Java\jre1.8.0_151\lib\ext\localedata.jar;C:\Program Files\Java\jre1.8.0_151\lib\ext\nashorn.jar;C:\Program Files\Java\jre1.8.0_151\lib\ext\sunec.jar;C:\Program Files\Java\jre1.8.0_151\lib\ext\sunjce_provider.jar;C:\Program Files\Java\jre1.8.0_151\lib\ext\sunmscapi.jar;C:\Program Files\Java\jre1.8.0_151\lib\ext\sunpkcs11.jar;C:\Program Files\Java\jre1.8.0_151\lib\ext\zipfs.jar;C:\Users\^NightAndDawn^\Desktop\JEG Chess\JEG Chess;C:\Users\^NightAndDawn^\Desktop\JEG Chess\JEG Chess\jgoodies-common-1.8.0.jar;C:\Users\^NightAndDawn^\Desktop\JEG Chess\JEG Chess\jgoodies-forms-1.8.0.jar
Launcher Type: SUN_STANDARD

Environment Variables:
JAVA_HOME=C:\Windows.old\Program Files\Java\jdk-9
PATH=C:/Program Files/Java/jre1.8.0_151/bin/server;C:/Program Files/Java/jre1.8.0_151/bin;C:/Program Files/Java/jre1.8.0_151/lib/amd64;C:\Program Files\Java\jdk-9.0.1\bin;C:\Users\^NightAndDawn^\AppData\Local\Microsoft\WindowsApps;;C:\Users\^NightAndDawn^\Desktop\IDE's;
USERNAME=^NightAndDawn^
OS=Windows_NT
PROCESSOR_IDENTIFIER=Intel64 Family 6 Model 60 Stepping 3, GenuineIntel



---------------  S Y S T E M  ---------------

OS: Windows 10.0 , 64 bit Build 15063 (10.0.15063.296)

CPU:total 8 (initial active 8) (4 cores per cpu, 2 threads per core) family 6 model 60 stepping 3, cmov, cx8, fxsr, mmx, sse, sse2, sse3, ssse3, sse4.1, sse4.2, popcnt, avx, avx2, aes, clmul, erms, lzcnt, ht, tsc, tscinvbit, bmi1, bmi2

Memory: 4k page, physical 8305768k(992656k free), swap 10353768k(58360k free)

vm_info: Java HotSpot(TM) 64-Bit Server VM (25.151-b12) for windows-amd64 JRE (1.8.0_151-b12), built on Sep  5 2017 19:33:46 by "java_re" with MS VC++ 10.0 (VS2010)

time: Mon Dec 18 04:08:08 2017
elapsed time: 32 seconds (0d 0h 0m 32s)

