#
# There is insufficient memory for the Java Runtime Environment to continue.
# Native memory allocation (malloc) failed to allocate 262096 bytes for Chunk::new
# Possible reasons:
#   The system is out of physical RAM or swap space
#   In 32 bit mode, the process size limit was hit
# Possible solutions:
#   Reduce memory load on the system
#   Increase physical memory or swap space
#   Check if swap backing store is full
#   Use 64 bit Java on a 64 bit OS
#   Decrease Java heap size (-Xmx/-Xms)
#   Decrease number of Java threads
#   Decrease Java thread stack sizes (-Xss)
#   Set larger code cache with -XX:ReservedCodeCacheSize=
# This output file may be truncated or incomplete.
#
#  Out of Memory Error (allocation.cpp:390), pid=14580, tid=0x0000000000002e08
#
# JRE version: Java(TM) SE Runtime Environment (8.0_151-b12) (build 1.8.0_151-b12)
# Java VM: Java HotSpot(TM) 64-Bit Server VM (25.151-b12 mixed mode windows-amd64 compressed oops)
# Failed to write core dump. Minidumps are not enabled by default on client versions of Windows
#

---------------  T H R E A D  ---------------

Current thread (0x0000000019f2e800):  JavaThread "C2 CompilerThread1" daemon [_thread_in_native, id=11784, stack(0x000000001a700000,0x000000001a800000)]

Stack: [0x000000001a700000,0x000000001a800000]
[error occurred during error reporting (printing stack bounds), id 0xc0000005]

Native frames: (J=compiled Java code, j=interpreted, Vv=VM code, C=native code)


Current CompileTask:
C2:  14846 1709       4       javax.swing.plaf.basic.BasicGraphicsUtils::drawDashedRect (81 bytes)


---------------  P R O C E S S  ---------------

Java Threads: ( => current thread )
  0x0000000019f3f800 JavaThread "Direct Clip" daemon [_thread_blocked, id=508, stack(0x0000000024db0000,0x0000000024eb0000)]
  0x0000000019f3f000 JavaThread "Direct Clip" daemon [_thread_blocked, id=16332, stack(0x0000000024cb0000,0x0000000024db0000)]
  0x000000001aecf800 JavaThread "Image Fetcher 1" daemon [_thread_blocked, id=8188, stack(0x0000000021750000,0x0000000021850000)]
  0x000000001aec9000 JavaThread "Image Fetcher 0" daemon [_thread_blocked, id=11056, stack(0x0000000021510000,0x0000000021610000)]
  0x000000001aec8800 JavaThread "Direct Clip" daemon [_thread_in_vm, id=11804, stack(0x000000001dfa0000,0x000000001e0a0000)]
  0x000000001aec5800 JavaThread "Java Sound Event Dispatcher" daemon [_thread_blocked, id=1152, stack(0x000000001db60000,0x000000001dc60000)]
  0x000000001ae80000 JavaThread "TimerQueue" daemon [_thread_blocked, id=12472, stack(0x000000001d700000,0x000000001d800000)]
  0x0000000002f70800 JavaThread "DestroyJavaVM" [_thread_blocked, id=13004, stack(0x0000000002e40000,0x0000000002f40000)]
  0x000000001a2f9000 JavaThread "AWT-EventQueue-0" [_thread_in_native, id=12264, stack(0x000000001c570000,0x000000001c670000)]
  0x000000001adae800 JavaThread "AWT-Windows" daemon [_thread_in_native, id=4468, stack(0x000000001b780000,0x000000001b880000)]
  0x000000001adad000 JavaThread "AWT-Shutdown" [_thread_blocked, id=15460, stack(0x000000001b680000,0x000000001b780000)]
  0x000000001adaa800 JavaThread "Java2D Disposer" daemon [_thread_blocked, id=13780, stack(0x000000001b530000,0x000000001b630000)]
  0x0000000019fd5000 JavaThread "Service Thread" daemon [_thread_blocked, id=10716, stack(0x000000001aa00000,0x000000001ab00000)]
  0x0000000019f3e000 JavaThread "C1 CompilerThread3" daemon [_thread_blocked, id=1900, stack(0x000000001a900000,0x000000001aa00000)]
  0x0000000019f42000 JavaThread "C2 CompilerThread2" daemon [_thread_blocked, id=14880, stack(0x000000001a800000,0x000000001a900000)]
=>0x0000000019f2e800 JavaThread "C2 CompilerThread1" daemon [_thread_in_native, id=11784, stack(0x000000001a700000,0x000000001a800000)]
  0x0000000019f28000 JavaThread "C2 CompilerThread0" daemon [_thread_blocked, id=15400, stack(0x000000001a600000,0x000000001a700000)]
  0x0000000019f26800 JavaThread "Attach Listener" daemon [_thread_blocked, id=15788, stack(0x000000001a500000,0x000000001a600000)]
  0x0000000019f25000 JavaThread "Signal Dispatcher" daemon [_thread_blocked, id=808, stack(0x000000001a400000,0x000000001a500000)]
  0x0000000019f20800 JavaThread "Finalizer" daemon [_thread_blocked, id=8928, stack(0x000000001a300000,0x000000001a400000)]
  0x0000000003066000 JavaThread "Reference Handler" daemon [_thread_blocked, id=7272, stack(0x0000000019e00000,0x0000000019f00000)]

Other Threads:
  0x0000000018029800 VMThread [stack: 0x0000000019d00000,0x0000000019e00000] [id=15380]
  0x0000000019ff1000 WatcherThread [stack: 0x000000001ab00000,0x000000001ac00000] [id=3412]

VM state:not at safepoint (normal execution)

VM Mutex/Monitor currently owned by a thread: None

Heap:
 PSYoungGen      total 378880K, used 140761K [0x00000000d5c00000, 0x00000000f6400000, 0x0000000100000000)
  eden space 368128K, 38% used [0x00000000d5c00000,0x00000000de576640,0x00000000ec380000)
  from space 10752K, 0% used [0x00000000ec380000,0x00000000ec380000,0x00000000ece00000)
  to   space 10752K, 0% used [0x00000000f5980000,0x00000000f5980000,0x00000000f6400000)
 ParOldGen       total 1384448K, used 1038023K [0x0000000081400000, 0x00000000d5c00000, 0x00000000d5c00000)
  object space 1384448K, 74% used [0x0000000081400000,0x00000000c09b1c78,0x00000000d5c00000)
 Metaspace       used 12162K, capacity 12346K, committed 12672K, reserved 1060864K
  class space    used 1472K, capacity 1553K, committed 1664K, reserved 1048576K

Card table byte_map: [0x0000000012430000,0x0000000012830000] byte_map_base: 0x0000000012026000

Marking Bits: (ParMarkBitMap*) 0x0000000061f2d850
 Begin Bits: [0x00000000132e0000, 0x0000000015290000)
 End Bits:   [0x0000000015290000, 0x0000000017240000)

Polling page: 0x00000000014e0000

CodeCache: size=245760Kb used=5892Kb max_used=5903Kb free=239867Kb
 bounds [0x0000000003070000, 0x0000000003640000, 0x0000000012070000]
 total_blobs=2188 nmethods=1691 adapters=410
 compilation: enabled

Compilation events (10 events):
Event: 14.803 Thread 0x0000000019f3e000 nmethod 1706 0x0000000003632f10 code [0x0000000003633060, 0x0000000003633150]
Event: 14.806 Thread 0x0000000019f3e000 1707       3       java.awt.Component::firePropertyChange (26 bytes)
Event: 14.806 Thread 0x0000000019f3e000 nmethod 1707 0x00000000036327d0 code [0x0000000003632960, 0x0000000003632d88]
Event: 14.812 Thread 0x0000000019f3e000 1708       3       java.awt.Insets::set (22 bytes)
Event: 14.813 Thread 0x0000000019f3e000 nmethod 1708 0x0000000003632490 code [0x00000000036325e0, 0x0000000003632750]
Event: 14.814 Thread 0x0000000019f2e800 1709       4       javax.swing.plaf.basic.BasicGraphicsUtils::drawDashedRect (81 bytes)
Event: 14.825 Thread 0x0000000019f3e000 1710       3       javax.swing.JComponent::firePropertyChange (8 bytes)
Event: 14.825 Thread 0x0000000019f42000 1711       4       sun.awt.SunToolkit::getAppContext (42 bytes)
Event: 14.825 Thread 0x0000000019f3e000 nmethod 1710 0x0000000003631c10 code [0x0000000003631da0, 0x0000000003632248]
Event: 14.826 Thread 0x0000000019f42000 nmethod 1711 0x0000000003631910 code [0x0000000003631a60, 0x0000000003631b18]

GC Heap History (10 events):
Event: 9.829 GC heap before
{Heap before GC invocations=23 (full 10):
 PSYoungGen      total 276992K, used 7152K [0x00000000d5c00000, 0x00000000ed880000, 0x0000000100000000)
  eden space 266240K, 0% used [0x00000000d5c00000,0x00000000d5c00000,0x00000000e6000000)
  from space 10752K, 66% used [0x00000000e6000000,0x00000000e66fc3f0,0x00000000e6a80000)
  to   space 10752K, 0% used [0x00000000ece00000,0x00000000ece00000,0x00000000ed880000)
 ParOldGen       total 967168K, used 820692K [0x0000000081400000, 0x00000000bc480000, 0x00000000d5c00000)
  object space 967168K, 84% used [0x0000000081400000,0x00000000b3575008,0x00000000bc480000)
 Metaspace       used 11301K, capacity 11474K, committed 11520K, reserved 1058816K
  class space    used 1447K, capacity 1521K, committed 1536K, reserved 1048576K
Event: 9.852 GC heap after
Heap after GC invocations=23 (full 10):
 PSYoungGen      total 276992K, used 0K [0x00000000d5c00000, 0x00000000ed880000, 0x0000000100000000)
  eden space 266240K, 0% used [0x00000000d5c00000,0x00000000d5c00000,0x00000000e6000000)
  from space 10752K, 0% used [0x00000000e6000000,0x00000000e6000000,0x00000000e6a80000)
  to   space 10752K, 0% used [0x00000000ece00000,0x00000000ece00000,0x00000000ed880000)
 ParOldGen       total 1147392K, used 732658K [0x0000000081400000, 0x00000000c7480000, 0x00000000d5c00000)
  object space 1147392K, 63% used [0x0000000081400000,0x00000000adf7c860,0x00000000c7480000)
 Metaspace       used 11301K, capacity 11474K, committed 11520K, reserved 1058816K
  class space    used 1447K, capacity 1521K, committed 1536K, reserved 1048576K
}
Event: 10.419 GC heap before
{Heap before GC invocations=24 (full 10):
 PSYoungGen      total 276992K, used 265318K [0x00000000d5c00000, 0x00000000ed880000, 0x0000000100000000)
  eden space 266240K, 99% used [0x00000000d5c00000,0x00000000e5f199a0,0x00000000e6000000)
  from space 10752K, 0% used [0x00000000e6000000,0x00000000e6000000,0x00000000e6a80000)
  to   space 10752K, 0% used [0x00000000ece00000,0x00000000ece00000,0x00000000ed880000)
 ParOldGen       total 1147392K, used 732658K [0x0000000081400000, 0x00000000c7480000, 0x00000000d5c00000)
  object space 1147392K, 63% used [0x0000000081400000,0x00000000adf7c860,0x00000000c7480000)
 Metaspace       used 11315K, capacity 11538K, committed 11776K, reserved 1058816K
  class space    used 1447K, capacity 1521K, committed 1536K, reserved 1048576K
Event: 10.461 GC heap after
Heap after GC invocations=24 (full 10):
 PSYoungGen      total 378880K, used 7191K [0x00000000d5c00000, 0x00000000eda00000, 0x0000000100000000)
  eden space 368128K, 0% used [0x00000000d5c00000,0x00000000d5c00000,0x00000000ec380000)
  from space 10752K, 66% used [0x00000000ece00000,0x00000000ed505c10,0x00000000ed880000)
  to   space 10752K, 0% used [0x00000000ec380000,0x00000000ec380000,0x00000000ece00000)
 ParOldGen       total 1147392K, used 922659K [0x0000000081400000, 0x00000000c7480000, 0x00000000d5c00000)
  object space 1147392K, 80% used [0x0000000081400000,0x00000000b9908c60,0x00000000c7480000)
 Metaspace       used 11315K, capacity 11538K, committed 11776K, reserved 1058816K
  class space    used 1447K, capacity 1521K, committed 1536K, reserved 1048576K
}
Event: 10.461 GC heap before
{Heap before GC invocations=25 (full 11):
 PSYoungGen      total 378880K, used 7191K [0x00000000d5c00000, 0x00000000eda00000, 0x0000000100000000)
  eden space 368128K, 0% used [0x00000000d5c00000,0x00000000d5c00000,0x00000000ec380000)
  from space 10752K, 66% used [0x00000000ece00000,0x00000000ed505c10,0x00000000ed880000)
  to   space 10752K, 0% used [0x00000000ec380000,0x00000000ec380000,0x00000000ece00000)
 ParOldGen       total 1147392K, used 922659K [0x0000000081400000, 0x00000000c7480000, 0x00000000d5c00000)
  object space 1147392K, 80% used [0x0000000081400000,0x00000000b9908c60,0x00000000c7480000)
 Metaspace       used 11315K, capacity 11538K, committed 11776K, reserved 1058816K
  class space    used 1447K, capacity 1521K, committed 1536K, reserved 1048576K
Event: 10.480 GC heap after
Heap after GC invocations=25 (full 11):
 PSYoungGen      total 378880K, used 0K [0x00000000d5c00000, 0x00000000eda00000, 0x0000000100000000)
  eden space 368128K, 0% used [0x00000000d5c00000,0x00000000d5c00000,0x00000000ec380000)
  from space 10752K, 0% used [0x00000000ece00000,0x00000000ece00000,0x00000000ed880000)
  to   space 10752K, 0% used [0x00000000ec380000,0x00000000ec380000,0x00000000ece00000)
 ParOldGen       total 1309696K, used 861587K [0x0000000081400000, 0x00000000d1300000, 0x00000000d5c00000)
  object space 1309696K, 65% used [0x0000000081400000,0x00000000b5d64fe0,0x00000000d1300000)
 Metaspace       used 11315K, capacity 11538K, committed 11776K, reserved 1058816K
  class space    used 1447K, capacity 1521K, committed 1536K, reserved 1048576K
}
Event: 11.327 GC heap before
{Heap before GC invocations=26 (full 11):
 PSYoungGen      total 378880K, used 361444K [0x00000000d5c00000, 0x00000000eda00000, 0x0000000100000000)
  eden space 368128K, 98% used [0x00000000d5c00000,0x00000000ebcf91d8,0x00000000ec380000)
  from space 10752K, 0% used [0x00000000ece00000,0x00000000ece00000,0x00000000ed880000)
  to   space 10752K, 0% used [0x00000000ec380000,0x00000000ec380000,0x00000000ece00000)
 ParOldGen       total 1309696K, used 861587K [0x0000000081400000, 0x00000000d1300000, 0x00000000d5c00000)
  object space 1309696K, 65% used [0x0000000081400000,0x00000000b5d64fe0,0x00000000d1300000)
 Metaspace       used 11329K, capacity 11538K, committed 11776K, reserved 1058816K
  class space    used 1447K, capacity 1521K, committed 1536K, reserved 1048576K
Event: 11.376 GC heap after
Heap after GC invocations=26 (full 11):
 PSYoungGen      total 378880K, used 7100K [0x00000000d5c00000, 0x00000000f6400000, 0x0000000100000000)
  eden space 368128K, 0% used [0x00000000d5c00000,0x00000000d5c00000,0x00000000ec380000)
  from space 10752K, 66% used [0x00000000ec380000,0x00000000eca6f208,0x00000000ece00000)
  to   space 10752K, 0% used [0x00000000f5980000,0x00000000f5980000,0x00000000f6400000)
 ParOldGen       total 1309696K, used 1078683K [0x0000000081400000, 0x00000000d1300000, 0x00000000d5c00000)
  object space 1309696K, 82% used [0x0000000081400000,0x00000000c3166e30,0x00000000d1300000)
 Metaspace       used 11329K, capacity 11538K, committed 11776K, reserved 1058816K
  class space    used 1447K, capacity 1521K, committed 1536K, reserved 1048576K
}
Event: 11.376 GC heap before
{Heap before GC invocations=27 (full 12):
 PSYoungGen      total 378880K, used 7100K [0x00000000d5c00000, 0x00000000f6400000, 0x0000000100000000)
  eden space 368128K, 0% used [0x00000000d5c00000,0x00000000d5c00000,0x00000000ec380000)
  from space 10752K, 66% used [0x00000000ec380000,0x00000000eca6f208,0x00000000ece00000)
  to   space 10752K, 0% used [0x00000000f5980000,0x00000000f5980000,0x00000000f6400000)
 ParOldGen       total 1309696K, used 1078683K [0x0000000081400000, 0x00000000d1300000, 0x00000000d5c00000)
  object space 1309696K, 82% used [0x0000000081400000,0x00000000c3166e30,0x00000000d1300000)
 Metaspace       used 11329K, capacity 11538K, committed 11776K, reserved 1058816K
  class space    used 1447K, capacity 1521K, committed 1536K, reserved 1048576K
Event: 11.391 GC heap after
Heap after GC invocations=27 (full 12):
 PSYoungGen      total 378880K, used 0K [0x00000000d5c00000, 0x00000000f6400000, 0x0000000100000000)
  eden space 368128K, 0% used [0x00000000d5c00000,0x00000000d5c00000,0x00000000ec380000)
  from space 10752K, 0% used [0x00000000ec380000,0x00000000ec380000,0x00000000ece00000)
  to   space 10752K, 0% used [0x00000000f5980000,0x00000000f5980000,0x00000000f6400000)
 ParOldGen       total 1384448K, used 1038023K [0x0000000081400000, 0x00000000d5c00000, 0x00000000d5c00000)
  object space 1384448K, 74% used [0x0000000081400000,0x00000000c09b1c78,0x00000000d5c00000)
 Metaspace       used 11329K, capacity 11538K, committed 11776K, reserved 1058816K
  class space    used 1447K, capacity 1521K, committed 1536K, reserved 1048576K
}

Deoptimization events (7 events):
Event: 4.911 Thread 0x000000001a2f9000 Uncommon trap: reason=class_check action=maybe_recompile pc=0x00000000032f5ea0 method=java.util.zip.InflaterInputStream.fill()V @ 19
Event: 4.912 Thread 0x000000001a2f9000 Uncommon trap: reason=class_check action=maybe_recompile pc=0x00000000032f5ea0 method=java.util.zip.InflaterInputStream.fill()V @ 19
Event: 4.912 Thread 0x000000001a2f9000 Uncommon trap: reason=class_check action=maybe_recompile pc=0x00000000032f5ea0 method=java.util.zip.InflaterInputStream.fill()V @ 19
Event: 4.912 Thread 0x000000001a2f9000 Uncommon trap: reason=class_check action=maybe_recompile pc=0x00000000032f5ea0 method=java.util.zip.InflaterInputStream.fill()V @ 19
Event: 6.227 Thread 0x000000001aec9000 Uncommon trap: reason=unstable_if action=reinterpret pc=0x000000000330deec method=java.io.BufferedInputStream.fill()V @ 219
Event: 6.369 Thread 0x000000001aec9000 Uncommon trap: reason=unstable_if action=reinterpret pc=0x00000000032a4594 method=sun.awt.image.ImageRepresentation.getOpaqueRGBImage()Ljava/awt/image/BufferedImage; @ 57
Event: 6.489 Thread 0x000000001aec9000 Uncommon trap: reason=range_check action=make_not_entrant pc=0x00000000033338b4 method=java.awt.image.DirectColorModel.setFields()V @ 65

Internal exceptions (10 events):
Event: 0.030 Thread 0x0000000002f70800 Exception <a 'java/lang/NoSuchMethodError': Method sun.misc.Unsafe.defineClass(Ljava/lang/String;[BII)Ljava/lang/Class; name or signature does not match> (0x00000000d5c07ca8) thrown at [C:\re\workspace\8-2-build-windows-amd64-cygwin\jdk8u151\9699\hotspot\
Event: 0.030 Thread 0x0000000002f70800 Exception <a 'java/lang/NoSuchMethodError': Method sun.misc.Unsafe.prefetchRead(Ljava/lang/Object;J)V name or signature does not match> (0x00000000d5c07f90) thrown at [C:\re\workspace\8-2-build-windows-amd64-cygwin\jdk8u151\9699\hotspot\src\share\vm\prims
Event: 0.110 Thread 0x0000000002f70800 Exception <a 'java/security/PrivilegedActionException'> (0x00000000d5d68e78) thrown at [C:\re\workspace\8-2-build-windows-amd64-cygwin\jdk8u151\9699\hotspot\src\share\vm\prims\jvm.cpp, line 1390]
Event: 0.110 Thread 0x0000000002f70800 Exception <a 'java/security/PrivilegedActionException'> (0x00000000d5d69088) thrown at [C:\re\workspace\8-2-build-windows-amd64-cygwin\jdk8u151\9699\hotspot\src\share\vm\prims\jvm.cpp, line 1390]
Event: 0.111 Thread 0x0000000002f70800 Exception <a 'java/security/PrivilegedActionException'> (0x00000000d5d6ccf8) thrown at [C:\re\workspace\8-2-build-windows-amd64-cygwin\jdk8u151\9699\hotspot\src\share\vm\prims\jvm.cpp, line 1390]
Event: 0.111 Thread 0x0000000002f70800 Exception <a 'java/security/PrivilegedActionException'> (0x00000000d5d6cf08) thrown at [C:\re\workspace\8-2-build-windows-amd64-cygwin\jdk8u151\9699\hotspot\src\share\vm\prims\jvm.cpp, line 1390]
Event: 0.115 Thread 0x0000000002f70800 Exception <a 'java/io/FileNotFoundException'> (0x00000000d5d6f370) thrown at [C:\re\workspace\8-2-build-windows-amd64-cygwin\jdk8u151\9699\hotspot\src\share\vm\prims\jni.cpp, line 709]
Event: 0.142 Thread 0x0000000002f70800 Exception <a 'java/lang/NoSuchFieldError': method resolution failed> (0x00000000d5e3d570) thrown at [C:\re\workspace\8-2-build-windows-amd64-cygwin\jdk8u151\9699\hotspot\src\share\vm\prims\methodHandles.cpp, line 1146]
Event: 0.144 Thread 0x0000000002f70800 Exception <a 'java/lang/NoSuchFieldError': method resolution failed> (0x00000000d5e4a940) thrown at [C:\re\workspace\8-2-build-windows-amd64-cygwin\jdk8u151\9699\hotspot\src\share\vm\prims\methodHandles.cpp, line 1146]
Event: 0.175 Thread 0x0000000002f70800 Exception <a 'java/io/FileNotFoundException'> (0x00000000d5edea88) thrown at [C:\re\workspace\8-2-build-windows-amd64-cygwin\jdk8u151\9699\hotspot\src\share\vm\prims\jni.cpp, line 709]

Events (10 events):
Event: 13.408 Executing VM operation: RevokeBias done
Event: 13.408 Executing VM operation: RevokeBias
Event: 13.408 Executing VM operation: RevokeBias done
Event: 14.361 Thread 0x0000000019f3f800 Thread added: 0x0000000019f3f800
Event: 14.361 Executing VM operation: RevokeBias
Event: 14.361 Executing VM operation: RevokeBias done
Event: 14.361 Executing VM operation: RevokeBias
Event: 14.361 Executing VM operation: RevokeBias done
Event: 14.814 Thread 0x000000001a2f9000 DEOPT PACKING pc=0x0000000003582f9b sp=0x000000001c66c3f0
Event: 14.814 Thread 0x000000001a2f9000 DEOPT UNPACKING pc=0x00000000030b787f sp=0x000000001c66c118 mode 0


Dynamic libraries:
0x00007ff7ce940000 - 0x00007ff7ce977000 	C:\Program Files\Java\jre1.8.0_151\bin\javaw.exe
0x00007ff9883e0000 - 0x00007ff9885bb000 	C:\WINDOWS\SYSTEM32\ntdll.dll
0x00007ff988210000 - 0x00007ff9882be000 	C:\WINDOWS\System32\KERNEL32.DLL
0x00007ff984fd0000 - 0x00007ff985219000 	C:\WINDOWS\System32\KERNELBASE.dll
0x00007ff988320000 - 0x00007ff9883c1000 	C:\WINDOWS\System32\ADVAPI32.dll
0x00007ff986a90000 - 0x00007ff986b2d000 	C:\WINDOWS\System32\msvcrt.dll
0x00007ff985f40000 - 0x00007ff985f99000 	C:\WINDOWS\System32\sechost.dll
0x00007ff985940000 - 0x00007ff985a65000 	C:\WINDOWS\System32\RPCRT4.dll
0x00007ff9867d0000 - 0x00007ff98691a000 	C:\WINDOWS\System32\USER32.dll
0x00007ff985920000 - 0x00007ff98593e000 	C:\WINDOWS\System32\win32u.dll
0x00007ff9881e0000 - 0x00007ff988207000 	C:\WINDOWS\System32\GDI32.dll
0x00007ff984cc0000 - 0x00007ff984e47000 	C:\WINDOWS\System32\gdi32full.dll
0x00007ff984900000 - 0x00007ff98499a000 	C:\WINDOWS\System32\msvcp_win.dll
0x00007ff9849f0000 - 0x00007ff984ae6000 	C:\WINDOWS\System32\ucrtbase.dll
0x00007ff979e20000 - 0x00007ff97a087000 	C:\WINDOWS\WinSxS\amd64_microsoft.windows.common-controls_6595b64144ccf1df_6.0.15063.483_none_26002d27e7c744a2\COMCTL32.dll
0x00007ff986120000 - 0x00007ff986419000 	C:\WINDOWS\System32\combase.dll
0x00007ff984f60000 - 0x00007ff984fca000 	C:\WINDOWS\System32\bcryptPrimitives.dll
0x00007ff986c30000 - 0x00007ff986c5d000 	C:\WINDOWS\System32\IMM32.DLL
0x0000000062360000 - 0x0000000062432000 	C:\Program Files\Java\jre1.8.0_151\bin\msvcr100.dll
0x0000000061710000 - 0x0000000061fad000 	C:\Program Files\Java\jre1.8.0_151\bin\server\jvm.dll
0x00007ff9883d0000 - 0x00007ff9883d8000 	C:\WINDOWS\System32\PSAPI.DLL
0x00007ff979b80000 - 0x00007ff979b89000 	C:\WINDOWS\SYSTEM32\WSOCK32.dll
0x00007ff97fbc0000 - 0x00007ff97fbca000 	C:\WINDOWS\SYSTEM32\VERSION.dll
0x00007ff982b70000 - 0x00007ff982b93000 	C:\WINDOWS\SYSTEM32\WINMM.dll
0x00007ff985fa0000 - 0x00007ff98600c000 	C:\WINDOWS\System32\WS2_32.dll
0x00007ff9825e0000 - 0x00007ff98260b000 	C:\WINDOWS\SYSTEM32\winmmbase.dll
0x00007ff9849a0000 - 0x00007ff9849e9000 	C:\WINDOWS\System32\cfgmgr32.dll
0x0000000062550000 - 0x000000006255f000 	C:\Program Files\Java\jre1.8.0_151\bin\verify.dll
0x00000000624e0000 - 0x0000000062509000 	C:\Program Files\Java\jre1.8.0_151\bin\java.dll
0x00000000624c0000 - 0x00000000624d6000 	C:\Program Files\Java\jre1.8.0_151\bin\zip.dll
0x00007ff986c90000 - 0x00007ff9880c6000 	C:\WINDOWS\System32\SHELL32.dll
0x00007ff988130000 - 0x00007ff9881da000 	C:\WINDOWS\System32\shcore.dll
0x00007ff985220000 - 0x00007ff985911000 	C:\WINDOWS\System32\windows.storage.dll
0x00007ff9882c0000 - 0x00007ff988311000 	C:\WINDOWS\System32\shlwapi.dll
0x00007ff984870000 - 0x00007ff984881000 	C:\WINDOWS\System32\kernel.appcore.dll
0x00007ff984890000 - 0x00007ff9848dc000 	C:\WINDOWS\System32\powrprof.dll
0x00007ff9848e0000 - 0x00007ff9848f5000 	C:\WINDOWS\System32\profapi.dll
0x00000000611b0000 - 0x0000000061348000 	C:\Program Files\Java\jre1.8.0_151\bin\awt.dll
0x00007ff986420000 - 0x00007ff9864e0000 	C:\WINDOWS\System32\OLEAUT32.dll
0x00007ff982f00000 - 0x00007ff982f7e000 	C:\WINDOWS\SYSTEM32\apphelp.dll
0x00007ff9812b0000 - 0x00007ff9812da000 	C:\WINDOWS\system32\DWMAPI.DLL
0x00007ff9830d0000 - 0x00007ff983165000 	C:\WINDOWS\system32\uxtheme.dll
0x00007ff969fd0000 - 0x00007ff96a0f1000 	C:\WINDOWS\system32\opengl32.dll
0x00007ff96b9a0000 - 0x00007ff96b9cc000 	C:\WINDOWS\SYSTEM32\GLU32.dll
0x00007ff986920000 - 0x00007ff986a86000 	C:\WINDOWS\System32\MSCTF.dll
0x00007ff93fbd0000 - 0x00007ff93fcb4000 	C:\Program Files (x86)\Razer\Razer Cortex\x64\k_fps64.dll
0x00007ff974d60000 - 0x00007ff974f09000 	C:\WINDOWS\SYSTEM32\dbghelp.dll
0x00007ff9864e0000 - 0x00007ff986625000 	C:\WINDOWS\System32\ole32.dll
0x0000000062310000 - 0x0000000062357000 	C:\Program Files\Java\jre1.8.0_151\bin\fontmanager.dll
0x00007ff986b30000 - 0x00007ff986bce000 	C:\WINDOWS\System32\clbcatq.dll
0x00007ff97f080000 - 0x00007ff97f22c000 	C:\WINDOWS\SYSTEM32\WindowsCodecs.dll
0x00007ff96cad0000 - 0x00007ff96cb17000 	C:\WINDOWS\system32\dataexchange.dll
0x00007ff982610000 - 0x00007ff982732000 	C:\WINDOWS\system32\dcomp.dll
0x00007ff9821e0000 - 0x00007ff9824bf000 	C:\WINDOWS\system32\d3d11.dll
0x00007ff9837a0000 - 0x00007ff983844000 	C:\WINDOWS\system32\dxgi.dll
0x00007ff983310000 - 0x00007ff983480000 	C:\WINDOWS\system32\twinapi.appcore.dll
0x00007ff984430000 - 0x00007ff984455000 	C:\WINDOWS\system32\bcrypt.dll
0x00007ff97d560000 - 0x00007ff97d5e2000 	C:\WINDOWS\System32\TextInputFramework.dll
0x00007ff97eca0000 - 0x00007ff97ef72000 	C:\WINDOWS\System32\CoreUIComponents.dll
0x00007ff9824c0000 - 0x00007ff9825a3000 	C:\WINDOWS\System32\CoreMessaging.dll
0x00007ff983a60000 - 0x00007ff983a91000 	C:\WINDOWS\SYSTEM32\ntmarta.dll
0x00007ff9809d0000 - 0x00007ff980b09000 	C:\WINDOWS\SYSTEM32\wintypes.dll
0x00007ff981060000 - 0x00007ff981075000 	C:\WINDOWS\SYSTEM32\usermgrcli.dll
0x00000000624a0000 - 0x00000000624ba000 	C:\Program Files\Java\jre1.8.0_151\bin\net.dll
0x00007ff984160000 - 0x00007ff9841bc000 	C:\WINDOWS\system32\mswsock.dll
0x0000000062480000 - 0x0000000062491000 	C:\Program Files\Java\jre1.8.0_151\bin\nio.dll
0x0000000061160000 - 0x00000000611a2000 	C:\Program Files\Java\jre1.8.0_151\bin\t2k.dll
0x0000000061150000 - 0x000000006115c000 	C:\Program Files\Java\jre1.8.0_151\bin\jsound.dll
0x0000000061140000 - 0x000000006114b000 	C:\Program Files\Java\jre1.8.0_151\bin\jsoundds.dll
0x00007ff971c30000 - 0x00007ff971cbc000 	C:\WINDOWS\SYSTEM32\DSOUND.dll
0x00007ff979860000 - 0x00007ff9798c7000 	C:\WINDOWS\SYSTEM32\MMDevAPI.DLL
0x00007ff97ff50000 - 0x00007ff9800e6000 	C:\WINDOWS\SYSTEM32\PROPSYS.dll
0x00007ff983220000 - 0x00007ff983248000 	C:\WINDOWS\SYSTEM32\DEVOBJ.dll
0x00007ff943cb0000 - 0x00007ff943cf1000 	C:\WINDOWS\SYSTEM32\wdmaud.drv
0x00007ff97f070000 - 0x00007ff97f07b000 	C:\WINDOWS\SYSTEM32\AVRT.dll
0x00007ff943c10000 - 0x00007ff943c19000 	C:\WINDOWS\SYSTEM32\ksuser.dll
0x00007ff9795a0000 - 0x00007ff9796a5000 	C:\WINDOWS\SYSTEM32\AUDIOSES.DLL
0x00007ff940d80000 - 0x00007ff940d8d000 	C:\WINDOWS\SYSTEM32\msacm32.drv
0x00007ff940d00000 - 0x00007ff940d1c000 	C:\WINDOWS\SYSTEM32\MSACM32.dll
0x00007ff940cf0000 - 0x00007ff940cfa000 	C:\WINDOWS\SYSTEM32\midimap.dll
0x00007ff97d5f0000 - 0x00007ff97d6f6000 	C:\Windows\System32\Windows.UI.dll
0x0000000061100000 - 0x0000000061131000 	C:\Program Files\Java\jre1.8.0_151\bin\jpeg.dll
0x0000000061050000 - 0x00000000610f2000 	C:\Program Files\Java\jre1.8.0_151\bin\mlib_image.dll

VM Arguments:
jvm_args: -Dfile.encoding=Cp1252 
java_command: ChessGame_G12
java_class_path (initial): C:\Program Files\Java\jre1.8.0_151\lib\resources.jar;C:\Program Files\Java\jre1.8.0_151\lib\rt.jar;C:\Program Files\Java\jre1.8.0_151\lib\jsse.jar;C:\Program Files\Java\jre1.8.0_151\lib\jce.jar;C:\Program Files\Java\jre1.8.0_151\lib\charsets.jar;C:\Program Files\Java\jre1.8.0_151\lib\jfr.jar;C:\Program Files\Java\jre1.8.0_151\lib\ext\access-bridge-64.jar;C:\Program Files\Java\jre1.8.0_151\lib\ext\cldrdata.jar;C:\Program Files\Java\jre1.8.0_151\lib\ext\dnsns.jar;C:\Program Files\Java\jre1.8.0_151\lib\ext\jaccess.jar;C:\Program Files\Java\jre1.8.0_151\lib\ext\jfxrt.jar;C:\Program Files\Java\jre1.8.0_151\lib\ext\localedata.jar;C:\Program Files\Java\jre1.8.0_151\lib\ext\nashorn.jar;C:\Program Files\Java\jre1.8.0_151\lib\ext\sunec.jar;C:\Program Files\Java\jre1.8.0_151\lib\ext\sunjce_provider.jar;C:\Program Files\Java\jre1.8.0_151\lib\ext\sunmscapi.jar;C:\Program Files\Java\jre1.8.0_151\lib\ext\sunpkcs11.jar;C:\Program Files\Java\jre1.8.0_151\lib\ext\zipfs.jar;C:\Users\^NightAndDawn^\Desktop\JEG Chess\JEG Chess;C:\Users\^NightAndDawn^\Desktop\JEG Chess\JEG Chess\jgoodies-common-1.8.0.jar;C:\Users\^NightAndDawn^\Desktop\JEG Chess\JEG Chess\jgoodies-forms-1.8.0.jar
Launcher Type: SUN_STANDARD

Environment Variables:
JAVA_HOME=C:\Windows.old\Program Files\Java\jdk-9
PATH=C:/Program Files/Java/jre1.8.0_151/bin/server;C:/Program Files/Java/jre1.8.0_151/bin;C:/Program Files/Java/jre1.8.0_151/lib/amd64;C:\Program Files\Java\jdk-9.0.1\bin;C:\Users\^NightAndDawn^\AppData\Local\Microsoft\WindowsApps;;C:\Users\^NightAndDawn^\Desktop\IDE's;
USERNAME=^NightAndDawn^
OS=Windows_NT
PROCESSOR_IDENTIFIER=Intel64 Family 6 Model 60 Stepping 3, GenuineIntel



---------------  S Y S T E M  ---------------

OS: Windows 10.0 , 64 bit Build 15063 (10.0.15063.296)

CPU:total 8 (initial active 8) (4 cores per cpu, 2 threads per core) family 6 model 60 stepping 3, cmov, cx8, fxsr, mmx, sse, sse2, sse3, ssse3, sse4.1, sse4.2, popcnt, avx, avx2, aes, clmul, erms, lzcnt, ht, tsc, tscinvbit, bmi1, bmi2

Memory: 4k page, physical 8305768k(1158572k free), swap 10353768k(5552k free)

vm_info: Java HotSpot(TM) 64-Bit Server VM (25.151-b12) for windows-amd64 JRE (1.8.0_151-b12), built on Sep  5 2017 19:33:46 by "java_re" with MS VC++ 10.0 (VS2010)

time: Mon Dec 18 04:09:09 2017
elapsed time: 14 seconds (0d 0h 0m 14s)

